0 info it worked if it ends with ok
1 verbose cli [ '/usr/local/Cellar/node/6.3.0/bin/node',
1 verbose cli   '/usr/local/bin/npm',
1 verbose cli   'run',
1 verbose cli   'danger' ]
2 info using npm@3.10.3
3 info using node@v6.3.0
4 verbose run-script [ 'predanger', 'danger', 'postdanger' ]
5 info lifecycle danger-sample@1.0.0~predanger: danger-sample@1.0.0
6 silly lifecycle danger-sample@1.0.0~predanger: no script for predanger, continuing
7 info lifecycle danger-sample@1.0.0~danger: danger-sample@1.0.0
8 verbose lifecycle danger-sample@1.0.0~danger: unsafe-perm in lifecycle true
9 verbose lifecycle danger-sample@1.0.0~danger: PATH: /usr/local/lib/node_modules/npm/bin/node-gyp-bin:/Users/ryuichi.murata/github/my/for_hatena/danger-sample/node_modules/.bin:/usr/local/Cellar/node/6.3.0/bin:/Users/ryuichi.murata/google-cloud-sdk/bin:/Users/ryuichi.murata/.plenv/shims:/Users/ryuichi.murata/.plenv/bin:/usr/local/bin:/Users/ryuichi.murata/.nodebrew/current/bin:/Users/ryuichi.murata/.mysqlenv/mysqls/5.1.69/bin:/Users/ryuichi.murata/.mysqlenv/bin:/Users/ryuichi.murata/.mysqlenv/shims:/Users/ryuichi.murata/.mysqlenv/mysql-build/bin:/usr/local/sbin:/Users/ryuichi.murata/.mysqlenv/bin:/Users/ryuichi.murata/.mysqlenv/shims:/Users/ryuichi.murata/.mysqlenv/mysql-build/bin:/usr/local/heroku/bin:/Users/ryuichi.murata/.chefdk/gem/ruby/2.1.0/bin:/opt/chefdk/bin:/Users/ryuichi.murata/.rbenv/shims:/Users/ryuichi.murata/.rbenv/shims:/usr/bin:/bin:/usr/sbin:/sbin:/usr/local/bin:/usr/local/go/bin:/sbin:/usr/sbin:/Users/ryuichi.murata/local/bin:/usr/local/opt/go/libexec/bin:/Users/ryuichi.murata/.go/bin
10 verbose lifecycle danger-sample@1.0.0~danger: CWD: /Users/ryuichi.murata/github/my/for_hatena/danger-sample
11 silly lifecycle danger-sample@1.0.0~danger: Args: [ '-c', 'danger' ]
12 silly lifecycle danger-sample@1.0.0~danger: Returned: code: 1  signal: null
13 info lifecycle danger-sample@1.0.0~danger: Failed to exec danger script
14 verbose stack Error: danger-sample@1.0.0 danger: `danger`
14 verbose stack Exit status 1
14 verbose stack     at EventEmitter.<anonymous> (/usr/local/lib/node_modules/npm/lib/utils/lifecycle.js:242:16)
14 verbose stack     at emitTwo (events.js:106:13)
14 verbose stack     at EventEmitter.emit (events.js:191:7)
14 verbose stack     at ChildProcess.<anonymous> (/usr/local/lib/node_modules/npm/lib/utils/spawn.js:40:14)
14 verbose stack     at emitTwo (events.js:106:13)
14 verbose stack     at ChildProcess.emit (events.js:191:7)
14 verbose stack     at maybeClose (internal/child_process.js:852:16)
14 verbose stack     at Process.ChildProcess._handle.onexit (internal/child_process.js:215:5)
15 verbose pkgid danger-sample@1.0.0
16 verbose cwd /Users/ryuichi.murata/github/my/for_hatena/danger-sample
17 error Darwin 13.4.0
18 error argv "/usr/local/Cellar/node/6.3.0/bin/node" "/usr/local/bin/npm" "run" "danger"
19 error node v6.3.0
20 error npm  v3.10.3
21 error code ELIFECYCLE
22 error danger-sample@1.0.0 danger: `danger`
22 error Exit status 1
23 error Failed at the danger-sample@1.0.0 danger script 'danger'.
23 error Make sure you have the latest version of node.js and npm installed.
23 error If you do, this is most likely a problem with the danger-sample package,
23 error not with npm itself.
23 error Tell the author that this fails on your system:
23 error     danger
23 error You can get information on how to open an issue for this project with:
23 error     npm bugs danger-sample
23 error Or if that isn't available, you can get their info via:
23 error     npm owner ls danger-sample
23 error There is likely additional logging output above.
24 verbose exit [ 1, true ]
